SCRIPTENTRY: setup_host.sh


                     _   _       _   _
 _ __ ___   ___  ___| |_| |_   _| |_(_)_  __
| '_ ` _ \ / _ \/ _ \ __| | | | | __| \ \/ /
| | | | | |  __/  __/ |_| | |_| | |_| |>  <
|_| |_| |_|\___|\___|\__|_|\__, |\__|_/_/\_\
                           |___/


[Mon 22 Aug 2016 11:52:39 BST] [INFO]	Last DSE host deployed: dse-01
[Mon 22 Aug 2016 11:52:39 BST] [INFO]	New host created would be: dse-01
SCRIPTENTRY: setup_host.sh


                     _   _       _   _
 _ __ ___   ___  ___| |_| |_   _| |_(_)_  __
| '_ ` _ \ / _ \/ _ \ __| | | | | __| \ \/ /
| | | | | |  __/  __/ |_| | |_| | |_| |>  <
|_| |_| |_|\___|\___|\__|_|\__, |\__|_/_/\_\
                           |___/


[Mon 22 Aug 2016 11:55:08 BST] [INFO]	Last DSE host deployed: dse-01
SCRIPTENTRY: setup_host.sh


                     _   _       _   _
 _ __ ___   ___  ___| |_| |_   _| |_(_)_  __
| '_ ` _ \ / _ \/ _ \ __| | | | | __| \ \/ /
| | | | | |  __/  __/ |_| | |_| | |_| |>  <
|_| |_| |_|\___|\___|\__|_|\__, |\__|_/_/\_\
                           |___/


[Mon 22 Aug 2016 11:55:47 BST] [INFO]	Last DSE host deployed: dse-01
SCRIPTENTRY: setup_host.sh


                     _   _       _   _
 _ __ ___   ___  ___| |_| |_   _| |_(_)_  __
| '_ ` _ \ / _ \/ _ \ __| | | | | __| \ \/ /
| | | | | |  __/  __/ |_| | |_| | |_| |>  <
|_| |_| |_|\___|\___|\__|_|\__, |\__|_/_/\_\
                           |___/


[Mon 22 Aug 2016 11:55:58 BST] [INFO]	Last DSE host deployed: dse-01
[Mon 22 Aug 2016 11:55:58 BST] [INFO]	New host created would be: 000
SCRIPTENTRY: setup_host.sh


                     _   _       _   _
 _ __ ___   ___  ___| |_| |_   _| |_(_)_  __
| '_ ` _ \ / _ \/ _ \ __| | | | | __| \ \/ /
| | | | | |  __/  __/ |_| | |_| | |_| |>  <
|_| |_| |_|\___|\___|\__|_|\__, |\__|_/_/\_\
                           |___/


[Mon 22 Aug 2016 11:56:21 BST] [INFO]	Last DSE host deployed: dse-01
[Mon 22 Aug 2016 11:56:21 BST] [INFO]	New host created would be: 000
SCRIPTENTRY: setup_host.sh


                     _   _       _   _
 _ __ ___   ___  ___| |_| |_   _| |_(_)_  __
| '_ ` _ \ / _ \/ _ \ __| | | | | __| \ \/ /
| | | | | |  __/  __/ |_| | |_| | |_| |>  <
|_| |_| |_|\___|\___|\__|_|\__, |\__|_/_/\_\
                           |___/


[Mon 22 Aug 2016 11:56:34 BST] [INFO]	Last DSE host deployed: dse-01
[Mon 22 Aug 2016 11:56:34 BST] [INFO]	New host created would be: 000
SCRIPTENTRY: setup_host.sh


                     _   _       _   _
 _ __ ___   ___  ___| |_| |_   _| |_(_)_  __
| '_ ` _ \ / _ \/ _ \ __| | | | | __| \ \/ /
| | | | | |  __/  __/ |_| | |_| | |_| |>  <
|_| |_| |_|\___|\___|\__|_|\__, |\__|_/_/\_\
                           |___/


[Mon 22 Aug 2016 11:56:56 BST] [INFO]	Last DSE host deployed: dse-01
[Mon 22 Aug 2016 11:56:56 BST] [INFO]	New host created would be: 02
SCRIPTENTRY: setup_host.sh


                     _   _       _   _
 _ __ ___   ___  ___| |_| |_   _| |_(_)_  __
| '_ ` _ \ / _ \/ _ \ __| | | | | __| \ \/ /
| | | | | |  __/  __/ |_| | |_| | |_| |>  <
|_| |_| |_|\___|\___|\__|_|\__, |\__|_/_/\_\
                           |___/


[Mon 22 Aug 2016 11:59:03 BST] [INFO]	Last DSE host deployed: dse-01
[Mon 22 Aug 2016 11:59:03 BST] [INFO]	New host created would be: dse-02
SCRIPTENTRY: setup_host.sh


                     _   _       _   _
 _ __ ___   ___  ___| |_| |_   _| |_(_)_  __
| '_ ` _ \ / _ \/ _ \ __| | | | | __| \ \/ /
| | | | | |  __/  __/ |_| | |_| | |_| |>  <
|_| |_| |_|\___|\___|\__|_|\__, |\__|_/_/\_\
                           |___/


SCRIPTENTRY: setup_host.sh


                     _   _       _   _
 _ __ ___   ___  ___| |_| |_   _| |_(_)_  __
| '_ ` _ \ / _ \/ _ \ __| | | | | __| \ \/ /
| | | | | |  __/  __/ |_| | |_| | |_| |>  <
|_| |_| |_|\___|\___|\__|_|\__, |\__|_/_/\_\
                           |___/


SCRIPTENTRY: setup_host.sh


                     _   _       _   _
 _ __ ___   ___  ___| |_| |_   _| |_(_)_  __
| '_ ` _ \ / _ \/ _ \ __| | | | | __| \ \/ /
| | | | | |  __/  __/ |_| | |_| | |_| |>  <
|_| |_| |_|\___|\___|\__|_|\__, |\__|_/_/\_\
                           |___/


SCRIPTENTRY: setup_host.sh


                     _   _       _   _
 _ __ ___   ___  ___| |_| |_   _| |_(_)_  __
| '_ ` _ \ / _ \/ _ \ __| | | | | __| \ \/ /
| | | | | |  __/  __/ |_| | |_| | |_| |>  <
|_| |_| |_|\___|\___|\__|_|\__, |\__|_/_/\_\
                           |___/


[Mon 22 Aug 2016 13:12:23 BST] [INFO]	Getting new host details...
[Mon 22 Aug 2016 13:12:24 BST] [INFO]	Last DSE host deployed: 
[Mon 22 Aug 2016 13:12:24 BST] [INFO]	New host created would be: datastax-01
[Mon 22 Aug 2016 13:12:24 BST] [INFO]	Requesting new host...
SCRIPTENTRY: setup_host.sh


                     _   _       _   _
 _ __ ___   ___  ___| |_| |_   _| |_(_)_  __
| '_ ` _ \ / _ \/ _ \ __| | | | | __| \ \/ /
| | | | | |  __/  __/ |_| | |_| | |_| |>  <
|_| |_| |_|\___|\___|\__|_|\__, |\__|_/_/\_\
                           |___/


[Mon 22 Aug 2016 13:12:52 BST] [INFO]	Getting new host details...
[Mon 22 Aug 2016 13:12:53 BST] [INFO]	Last DSE host deployed: 
[Mon 22 Aug 2016 13:12:53 BST] [INFO]	New host created would be: datastax-01
[Mon 22 Aug 2016 13:12:53 BST] [INFO]	Requesting new host...
SCRIPTENTRY: setup_host.sh


                     _   _       _   _
 _ __ ___   ___  ___| |_| |_   _| |_(_)_  __
| '_ ` _ \ / _ \/ _ \ __| | | | | __| \ \/ /
| | | | | |  __/  __/ |_| | |_| | |_| |>  <
|_| |_| |_|\___|\___|\__|_|\__, |\__|_/_/\_\
                           |___/


[Mon 22 Aug 2016 13:13:19 BST] [INFO]	Getting new host details...
[Mon 22 Aug 2016 13:13:20 BST] [INFO]	Last DSE host deployed: 
[Mon 22 Aug 2016 13:13:20 BST] [INFO]	New host created would be: datastax-01
[Mon 22 Aug 2016 13:13:20 BST] [INFO]	Requesting new host...
SCRIPTENTRY: setup_host.sh


                     _   _       _   _
 _ __ ___   ___  ___| |_| |_   _| |_(_)_  __
| '_ ` _ \ / _ \/ _ \ __| | | | | __| \ \/ /
| | | | | |  __/  __/ |_| | |_| | |_| |>  <
|_| |_| |_|\___|\___|\__|_|\__, |\__|_/_/\_\
                           |___/


[Mon 22 Aug 2016 13:15:51 BST] [INFO]	Getting new host details...
[Mon 22 Aug 2016 13:15:53 BST] [INFO]	Last DSE host deployed: 
[Mon 22 Aug 2016 13:15:53 BST] [INFO]	New host created would be: datastax-01
[Mon 22 Aug 2016 13:15:53 BST] [INFO]	Requesting new host...
SCRIPTENTRY: setup_host.sh


                     _   _       _   _
 _ __ ___   ___  ___| |_| |_   _| |_(_)_  __
| '_ ` _ \ / _ \/ _ \ __| | | | | __| \ \/ /
| | | | | |  __/  __/ |_| | |_| | |_| |>  <
|_| |_| |_|\___|\___|\__|_|\__, |\__|_/_/\_\
                           |___/


[Mon 22 Aug 2016 13:16:44 BST] [INFO]	Getting new host details...
[Mon 22 Aug 2016 13:16:45 BST] [INFO]	Last DSE host deployed: 
[Mon 22 Aug 2016 13:16:45 BST] [INFO]	New host created would be: datastax-01
[Mon 22 Aug 2016 13:16:45 BST] [INFO]	Requesting new host...
