SCRIPTENTRY: setup.sh


                     _   _       _   _
 _ __ ___   ___  ___| |_| |_   _| |_(_)_  __
| '_ ` _ \ / _ \/ _ \ __| | | | | __| \ \/ /
| | | | | |  __/  __/ |_| | |_| | |_| |>  <
|_| |_| |_|\___|\___|\__|_|\__, |\__|_/_/\_\
                           |___/


[Sun  7 Aug 2016 18:50:09 BST] [INFO]	Starting DSE setup on host: Ankits-MacBook-Pro.local
SCRIPTENTRY: setup.sh


                     _   _       _   _
 _ __ ___   ___  ___| |_| |_   _| |_(_)_  __
| '_ ` _ \ / _ \/ _ \ __| | | | | __| \ \/ /
| | | | | |  __/  __/ |_| | |_| | |_| |>  <
|_| |_| |_|\___|\___|\__|_|\__, |\__|_/_/\_\
                           |___/


[Sun  7 Aug 2016 18:50:27 BST] [INFO]	Starting DSE setup on host: Ankits-MacBook-Pro.local
[Sun  7 Aug 2016 18:50:27 BST] [INFO]	Java already installed. Current version:
java version "1.8.0_25"
Java(TM) SE Runtime Environment (build 1.8.0_25-b17)
Java HotSpot(TM) 64-Bit Server VM (build 25.25-b02, mixed mode)
SCRIPTENTRY: setup.sh


                     _   _       _   _
 _ __ ___   ___  ___| |_| |_   _| |_(_)_  __
| '_ ` _ \ / _ \/ _ \ __| | | | | __| \ \/ /
| | | | | |  __/  __/ |_| | |_| | |_| |>  <
|_| |_| |_|\___|\___|\__|_|\__, |\__|_/_/\_\
                           |___/


[Fri 19 Aug 2016 01:03:03 BST] [INFO]	Starting DSE setup on host: Ankits-MacBook-Pro.local
[Fri 19 Aug 2016 01:03:03 BST] [INFO]	Java already installed. Current version:
java version "1.8.0_25"
Java(TM) SE Runtime Environment (build 1.8.0_25-b17)
Java HotSpot(TM) 64-Bit Server VM (build 25.25-b02, mixed mode)
